# JRE version: Java(TM) SE Runtime Environment (8.0_40-b27) (build 1.8.0_40-b27)
# Java VM: Java HotSpot(TM) 64-Bit Server VM (25.40-b25 mixed mode bsd-amd64 compressed oops)
Heap:
 PSYoungGen      total 111104K, used 10942K [0x00000007aab00000, 0x00000007b2200000, 0x00000007c0000000)
  eden space 106496K, 8% used [0x00000007aab00000,0x00000007ab41fb80,0x00000007b1300000)
  from space 4608K, 34% used [0x00000007b1d80000,0x00000007b1f10000,0x00000007b2200000)
  to   space 7680K, 0% used [0x00000007b1300000,0x00000007b1300000,0x00000007b1a80000)
 ParOldGen       total 42496K, used 32909K [0x0000000780000000, 0x0000000782980000, 0x00000007aab00000)
  object space 42496K, 77% used [0x0000000780000000,0x0000000782023490,0x0000000782980000)
 Metaspace       used 23492K, capacity 25022K, committed 25088K, reserved 1071104K
  class space    used 3241K, capacity 3562K, committed 3584K, reserved 1048576K
GC Heap History (10 events):
Event: 4.635 GC heap before
{Heap before GC invocations=11 (full 1):
 PSYoungGen      total 44032K, used 40214K [0x00000007aab00000, 0x00000007aed80000, 0x00000007c0000000)
  eden space 36864K, 99% used [0x00000007aab00000,0x00000007acee4488,0x00000007acf00000)
  from space 7168K, 48% used [0x00000007acf00000,0x00000007ad2614e0,0x00000007ad600000)
  to   space 7168K, 0% used [0x00000007ae680000,0x00000007ae680000,0x00000007aed80000)
 ParOldGen       total 42496K, used 25423K [0x0000000780000000, 0x0000000782980000, 0x00000007aab00000)
  object space 42496K, 59% used [0x0000000780000000,0x00000007818d3ff8,0x0000000782980000)
 Metaspace       used 21308K, capacity 22484K, committed 22528K, reserved 1069056K
  class space    used 3075K, capacity 3315K, committed 3328K, reserved 1048576K
Event: 4.648 GC heap after
Heap after GC invocations=11 (full 1):
 PSYoungGen      total 60416K, used 544K [0x00000007aab00000, 0x00000007af000000, 0x00000007c0000000)
  eden space 53248K, 0% used [0x00000007aab00000,0x00000007aab00000,0x00000007adf00000)
  from space 7168K, 7% used [0x00000007ae680000,0x00000007ae708000,0x00000007aed80000)
  to   space 7680K, 0% used [0x00000007adf00000,0x00000007adf00000,0x00000007ae680000)
 ParOldGen       total 42496K, used 28509K [0x0000000780000000, 0x0000000782980000, 0x00000007aab00000)
  object space 42496K, 67% used [0x0000000780000000,0x0000000781bd74e8,0x0000000782980000)
 Metaspace       used 21308K, capacity 22484K, committed 22528K, reserved 1069056K
  class space    used 3075K, capacity 3315K, committed 3328K, reserved 1048576K
}
Event: 4.718 GC heap before
{Heap before GC invocations=12 (full 1):
 PSYoungGen      total 60416K, used 53792K [0x00000007aab00000, 0x00000007af000000, 0x00000007c0000000)
  eden space 53248K, 100% used [0x00000007aab00000,0x00000007adf00000,0x00000007adf00000)
  from space 7168K, 7% used [0x00000007ae680000,0x00000007ae708000,0x00000007aed80000)
  to   space 7680K, 0% used [0x00000007adf00000,0x00000007adf00000,0x00000007ae680000)
 ParOldGen       total 42496K, used 28509K [0x0000000780000000, 0x0000000782980000, 0x00000007aab00000)
  object space 42496K, 67% used [0x0000000780000000,0x0000000781bd74e8,0x0000000782980000)
 Metaspace       used 21359K, capacity 22624K, committed 22912K, reserved 1069056K
  class space    used 3082K, capacity 3381K, committed 3456K, reserved 1048576K
Event: 4.723 GC heap after
Heap after GC invocations=12 (full 1):
 PSYoungGen      total 60928K, used 768K [0x00000007aab00000, 0x00000007b0780000, 0x00000007c0000000)
  eden space 53248K, 0% used [0x00000007aab00000,0x00000007aab00000,0x00000007adf00000)
  from space 7680K, 10% used [0x00000007adf00000,0x00000007adfc0000,0x00000007ae680000)
  to   space 7680K, 0% used [0x00000007b0000000,0x00000007b0000000,0x00000007b0780000)
 ParOldGen       total 42496K, used 28709K [0x0000000780000000, 0x0000000782980000, 0x00000007aab00000)
  object space 42496K, 67% used [0x0000000780000000,0x0000000781c094e8,0x0000000782980000)
 Metaspace       used 21359K, capacity 22624K, committed 22912K, reserved 1069056K
  class space    used 3082K, capacity 3381K, committed 3456K, reserved 1048576K
}
Event: 8.420 GC heap before
{Heap before GC invocations=13 (full 1):
 PSYoungGen      total 60928K, used 53979K [0x00000007aab00000, 0x00000007b0780000, 0x00000007c0000000)
  eden space 53248K, 99% used [0x00000007aab00000,0x00000007adef6fa8,0x00000007adf00000)
  from space 7680K, 10% used [0x00000007adf00000,0x00000007adfc0000,0x00000007ae680000)
  to   space 7680K, 0% used [0x00000007b0000000,0x00000007b0000000,0x00000007b0780000)
 ParOldGen       total 42496K, used 28709K [0x0000000780000000, 0x0000000782980000, 0x00000007aab00000)
  object space 42496K, 67% used [0x0000000780000000,0x0000000781c094e8,0x0000000782980000)
 Metaspace       used 21781K, capacity 23056K, committed 23168K, reserved 1069056K
  class space    used 3126K, capacity 3413K, committed 3456K, reserved 1048576K
Event: 8.424 GC heap after
Heap after GC invocations=13 (full 1):
 PSYoungGen      total 82944K, used 1638K [0x00000007aab00000, 0x00000007b0580000, 0x00000007c0000000)
  eden space 77312K, 0% used [0x00000007aab00000,0x00000007aab00000,0x00000007af680000)
  from space 5632K, 29% used [0x00000007b0000000,0x00000007b0199b00,0x00000007b0580000)
  to   space 7680K, 0% used [0x00000007af680000,0x00000007af680000,0x00000007afe00000)
 ParOldGen       total 42496K, used 28997K [0x0000000780000000, 0x0000000782980000, 0x00000007aab00000)
  object space 42496K, 68% used [0x0000000780000000,0x0000000781c514e8,0x0000000782980000)
 Metaspace       used 21781K, capacity 23056K, committed 23168K, reserved 1069056K
  class space    used 3126K, capacity 3413K, committed 3456K, reserved 1048576K
}
Event: 45.590 GC heap before
{Heap before GC invocations=14 (full 1):
 PSYoungGen      total 82944K, used 78950K [0x00000007aab00000, 0x00000007b0580000, 0x00000007c0000000)
  eden space 77312K, 100% used [0x00000007aab00000,0x00000007af680000,0x00000007af680000)
  from space 5632K, 29% used [0x00000007b0000000,0x00000007b0199b00,0x00000007b0580000)
  to   space 7680K, 0% used [0x00000007af680000,0x00000007af680000,0x00000007afe00000)
 ParOldGen       total 42496K, used 28997K [0x0000000780000000, 0x0000000782980000, 0x00000007aab00000)
  object space 42496K, 68% used [0x0000000780000000,0x0000000781c514e8,0x0000000782980000)
 Metaspace       used 22870K, capacity 24338K, committed 24576K, reserved 1071104K
  class space    used 3234K, capacity 3554K, committed 3584K, reserved 1048576K
Event: 45.603 GC heap after
Heap after GC invocations=14 (full 1):
 PSYoungGen      total 84992K, used 3856K [0x00000007aab00000, 0x00000007b2500000, 0x00000007c0000000)
  eden space 77312K, 0% used [0x00000007aab00000,0x00000007aab00000,0x00000007af680000)
  from space 7680K, 50% used [0x00000007af680000,0x00000007afa44010,0x00000007afe00000)
  to   space 7680K, 0% used [0x00000007b1d80000,0x00000007b1d80000,0x00000007b2500000)
 ParOldGen       total 42496K, used 30234K [0x0000000780000000, 0x0000000782980000, 0x00000007aab00000)
  object space 42496K, 71% used [0x0000000780000000,0x0000000781d86be8,0x0000000782980000)
 Metaspace       used 22870K, capacity 24338K, committed 24576K, reserved 1071104K
  class space    used 3234K, capacity 3554K, committed 3584K, reserved 1048576K
}
Event: 74.619 GC heap before
{Heap before GC invocations=15 (full 1):
 PSYoungGen      total 84992K, used 81168K [0x00000007aab00000, 0x00000007b2500000, 0x00000007c0000000)
  eden space 77312K, 100% used [0x00000007aab00000,0x00000007af680000,0x00000007af680000)
  from space 7680K, 50% used [0x00000007af680000,0x00000007afa44010,0x00000007afe00000)
  to   space 7680K, 0% used [0x00000007b1d80000,0x00000007b1d80000,0x00000007b2500000)
 ParOldGen       total 42496K, used 30234K [0x0000000780000000, 0x0000000782980000, 0x00000007aab00000)
  object space 42496K, 71% used [0x0000000780000000,0x0000000781d86be8,0x0000000782980000)
 Metaspace       used 23482K, capacity 25022K, committed 25088K, reserved 1071104K
  class space    used 3241K, capacity 3562K, committed 3584K, reserved 1048576K
Event: 74.629 GC heap after
Heap after GC invocations=15 (full 1):
 PSYoungGen      total 111104K, used 1600K [0x00000007aab00000, 0x00000007b2200000, 0x00000007c0000000)
  eden space 106496K, 0% used [0x00000007aab00000,0x00000007aab00000,0x00000007b1300000)
  from space 4608K, 34% used [0x00000007b1d80000,0x00000007b1f10000,0x00000007b2200000)
  to   space 7680K, 0% used [0x00000007b1300000,0x00000007b1300000,0x00000007b1a80000)
 ParOldGen       total 42496K, used 32909K [0x0000000780000000, 0x0000000782980000, 0x00000007aab00000)
  object space 42496K, 77% used [0x0000000780000000,0x0000000782023490,0x0000000782980000)
 Metaspace       used 23482K, capacity 25022K, committed 25088K, reserved 1071104K
  class space    used 3241K, capacity 3562K, committed 3584K, reserved 1048576K
}

